0 info it worked if it ends with ok
1 verbose cli [ 'node', '/usr/local/bin/npm', 'install', '-g', 'typescript' ]
2 info using npm@1.2.2
3 info using node@v0.8.18
4 verbose read json /usr/local/lib/package.json
5 verbose read json /usr/local/lib/package.json
6 verbose cache add [ 'typescript', null ]
7 verbose cache add name=undefined spec="typescript" args=["typescript",null]
8 verbose parsed url { pathname: 'typescript',
8 verbose parsed url   path: 'typescript',
8 verbose parsed url   href: 'typescript' }
9 silly lockFile fb9da861-typescript typescript
10 verbose lock typescript /Users/Tyler/.npm/fb9da861-typescript.lock
11 silly lockFile fb9da861-typescript typescript
12 verbose addNamed [ 'typescript', '' ]
13 verbose addNamed [ null, '' ]
14 silly lockFile b598c0ef-typescript typescript@
15 verbose lock typescript@ /Users/Tyler/.npm/b598c0ef-typescript.lock
16 silly addNameRange { name: 'typescript', range: '', hasData: false }
17 verbose url raw typescript
18 verbose url resolving [ 'https://registry.npmjs.org/', './typescript' ]
19 verbose url resolved https://registry.npmjs.org/typescript
20 info trying registry request attempt 1 at 22:28:11
21 verbose etag "4RO5L5TWNJ8D62SJ88MSJYKQM"
22 http GET https://registry.npmjs.org/typescript
23 http 304 https://registry.npmjs.org/typescript
24 silly registry.get cb [ 304,
24 silly registry.get   { server: 'CouchDB/1.2.1 (Erlang OTP/R15B03)',
24 silly registry.get     etag: '"4RO5L5TWNJ8D62SJ88MSJYKQM"',
24 silly registry.get     date: 'Wed, 03 Apr 2013 02:28:12 GMT',
24 silly registry.get     'content-length': '0' } ]
25 verbose etag typescript from cache
26 silly addNameRange number 2 { name: 'typescript', range: '', hasData: true }
27 silly addNameRange versions [ 'typescript',
27 silly addNameRange   [ '0.8.0', '0.8.1', '0.8.1-1', '0.8.2', '0.8.3' ] ]
28 verbose addNamed [ 'typescript', '0.8.3' ]
29 verbose addNamed [ '0.8.3', '0.8.3' ]
30 silly lockFile 8a58679d-typescript-0-8-3 typescript@0.8.3
31 verbose lock typescript@0.8.3 /Users/Tyler/.npm/8a58679d-typescript-0-8-3.lock
32 verbose read json /Users/Tyler/.npm/typescript/0.8.3/package/package.json
33 silly lockFile 8a58679d-typescript-0-8-3 typescript@0.8.3
34 silly lockFile b598c0ef-typescript typescript@
35 silly resolved [ { name: 'typescript',
35 silly resolved     author: { name: 'Microsoft Corp.' },
35 silly resolved     homepage: 'http://typescriptlang.org/',
35 silly resolved     version: '0.8.3',
35 silly resolved     licenses: [ [Object] ],
35 silly resolved     description: 'TypeScript is a language for application scale JavaScript development',
35 silly resolved     keywords: [ 'TypeScript', 'Microsoft', 'compiler', 'language', 'javascript' ],
35 silly resolved     bugs: { url: 'http://typescript.codeplex.com/workitem/list/basic' },
35 silly resolved     repository: { type: 'git', url: 'https://git01.codeplex.com/typescript' },
35 silly resolved     preferGlobal: true,
35 silly resolved     main: './bin/typescript.js',
35 silly resolved     bin: { tsc: './bin/tsc' },
35 silly resolved     engines: { node: '>=0.8.0' },
35 silly resolved     devDependencies: { jake: 'latest' },
35 silly resolved     readme: '# TypeScript\n\nScalable JavaScript development with types, classes and modules.\n\n## Install\n\n  npm install -g typescript\n\n## Usage\n\n  tsc hello.ts\n  ',
35 silly resolved     readmeFilename: 'README.txt',
35 silly resolved     _id: 'typescript@0.8.3',
35 silly resolved     _from: 'typescript@' } ]
36 info install typescript@0.8.3 into /usr/local/lib
37 info installOne typescript@0.8.3
38 verbose from cache /Users/Tyler/.npm/typescript/0.8.3/package/package.json
39 info /usr/local/lib/node_modules/typescript unbuild
40 verbose read json /usr/local/lib/node_modules/typescript/package.json
41 verbose tar unpack /Users/Tyler/.npm/typescript/0.8.3/package.tgz
42 silly lockFile 5355178f-ocal-lib-node-modules-typescript /usr/local/lib/node_modules/typescript
43 verbose lock /usr/local/lib/node_modules/typescript /Users/Tyler/.npm/5355178f-ocal-lib-node-modules-typescript.lock
44 silly gunzTarPerm modes [ '755', '644' ]
45 error Error: EACCES, mkdir '/usr/local/lib/node_modules/typescript'
45 error  { [Error: EACCES, mkdir '/usr/local/lib/node_modules/typescript']
45 error   errno: 3,
45 error   code: 'EACCES',
45 error   path: '/usr/local/lib/node_modules/typescript',
45 error   fstream_type: 'Directory',
45 error   fstream_path: '/usr/local/lib/node_modules/typescript',
45 error   fstream_class: 'DirWriter',
45 error   fstream_stack:
45 error    [ 'DirWriter._create (/usr/local/lib/node_modules/npm/node_modules/fstream/lib/dir-writer.js:36:23)',
45 error      '/usr/local/lib/node_modules/npm/node_modules/mkdirp/index.js:37:53',
45 error      'Object.oncomplete (fs.js:297:15)' ] }
46 error Please try running this command again as root/Administrator.
47 error System Darwin 12.3.0
48 error command "node" "/usr/local/bin/npm" "install" "-g" "typescript"
49 error cwd /Users/Tyler/Documents/Programming/15-237/studyshare
50 error node -v v0.8.18
51 error npm -v 1.2.2
52 error path /usr/local/lib/node_modules/typescript
53 error fstream_path /usr/local/lib/node_modules/typescript
54 error fstream_type Directory
55 error fstream_class DirWriter
56 error code EACCES
57 error errno 3
58 error stack Error: EACCES, mkdir '/usr/local/lib/node_modules/typescript'
59 error fstream_stack DirWriter._create (/usr/local/lib/node_modules/npm/node_modules/fstream/lib/dir-writer.js:36:23)
59 error fstream_stack /usr/local/lib/node_modules/npm/node_modules/mkdirp/index.js:37:53
59 error fstream_stack Object.oncomplete (fs.js:297:15)
60 verbose exit [ 3, true ]
